Running: /opt/Xilinx/14.7/ISE_DS/ISE/bin/lin64/unwrapped/fuse -intstyle ise -incremental -o /home/xps/Documents/Github/nexys2pwm/src/nexys2pwm/TB_pwm_isim_beh.exe -prj /home/xps/Documents/Github/nexys2pwm/src/nexys2pwm/TB_pwm_beh.prj work.TB_pwm 
ISim P.20131013 (signature 0xfbc00daa)
Number of CPUs detected in this system: 8
Turning on mult-threading, number of parallel sub-compilation jobs: 16 
Determining compilation order of HDL files
Parsing VHDL file "/home/xps/Documents/Github/nexys2pwm/src/nexys2pwm/pwmDriver/pwmDriver.vhd" into library work
Parsing VHDL file "/home/xps/Documents/Github/nexys2pwm/src/nexys2pwm/../../test/pwm/TB_pwm.vhd" into library work
Starting static elaboration
Completed static elaboration
Fuse Memory Usage: 86176 KB
Fuse CPU Usage: 950 ms
Compiling package standard
Compiling package std_logic_1164
Compiling package std_logic_arith
Compiling package std_logic_unsigned
Compiling package numeric_std
Compiling architecture behavioral of entity pwmDriver [\pwmDriver(2,8)\]
Compiling architecture behavior of entity tb_pwm
Time Resolution for simulation is 1ps.
Compiled 8 VHDL Units
Built simulation executable /home/xps/Documents/Github/nexys2pwm/src/nexys2pwm/TB_pwm_isim_beh.exe
Fuse Memory Usage: 1186204 KB
Fuse CPU Usage: 1070 ms
GCC CPU Usage: 2640 ms
