Command line:
   TB_pwm_isim_beh.exe
     -simmode  gui
     -simrunnum  0
     -socket  58097

Thu Jul 16 00:03:58 2020


 Elaboration Time: 0.01 sec

 Current Memory Usage: 183.263 Meg

 Total Signals          : 8
 Total Nets             : 19
 Total Signal Drivers   : 5
 Total Blocks           : 6
 Total Primitive Blocks : 5
 Total Processes        : 3
 Total Traceable Variables  : 18
 Total Scalar Nets and Variables : 523
Total Line Count : 24

 Total Simulation Time: 0.02 sec

 Current Memory Usage: 258.765 Meg

Thu Jul 16 00:04:02 2020

